<?xml version="1.0" encoding="UTF-8"?>
<testng-results skipped="0" failed="0" ignored="0" total="1" passed="1">
  <reporter-output>
  </reporter-output>
  <suite name="Default suite" duration-ms="32844" started-at="2019-07-28T10:43:00Z" finished-at="2019-07-28T10:43:33Z">
    <groups>
    </groups>
    <test name="Default test" duration-ms="32844" started-at="2019-07-28T10:43:00Z" finished-at="2019-07-28T10:43:33Z">
      <class name="com.wordpress.testcases.LogInPageTest">
        <test-method status="PASS" signature="verifyLogInPage()[pri:0, instance:com.wordpress.testcases.LogInPageTest@5b275dab]" name="verifyLogInPage" duration-ms="32798" started-at="2019-07-28T10:43:00Z" finished-at="2019-07-28T10:43:33Z">
          <reporter-output>
          </reporter-output>
        </test-method> <!-- verifyLogInPage -->
      </class> <!-- com.wordpress.testcases.LogInPageTest -->
    </test> <!-- Default test -->
  </suite> <!-- Default suite -->
</testng-results>
